

30.04.2015 15:27:31 Start

 ------------30.04.2015 15:28:01--------------
ПОМИЛКА розміщення заявки Tasccccccck_0214 Некоректний синтаксис ...

 ------------30.04.2015 15:28:01--------------
Задача Task_0212 успішно прийнята в обробку...

 ------------30.04.2015 15:28:01--------------
2

 ------------30.04.2015 15:28:01--------------
1

 ------------30.04.2015 15:28:31--------------
Задача Task_0213 успішно прийнята в обробку...

 ------------30.04.2015 15:28:31--------------
1

 ------------30.04.2015 15:28:31--------------
0

 ------------30.04.2015 15:29:01--------------
Задача Task_0214 успішно прийнята в обробку...

 ------------30.04.2015 15:29:11--------------
Задача Task_0212 успішно ВИКОНАНА!

 ------------30.04.2015 15:29:13--------------
1

 ------------30.04.2015 15:29:13--------------
0

 ------------30.04.2015 15:29:31--------------
Задача Task_0218 успішно прийнята в обробку...

 ------------30.04.2015 15:29:41--------------
Задача Task_0213 успішно ВИКОНАНА!

 ------------30.04.2015 15:29:43--------------
1

 ------------30.04.2015 15:29:43--------------
0

 ------------30.04.2015 15:30:01--------------
Задача Task_0245 успішно прийнята в обробку...

 ------------30.04.2015 15:30:23--------------
Задача Task_0214 успішно ВИКОНАНА!

 ------------30.04.2015 15:30:25--------------
1

 ------------30.04.2015 15:30:25--------------
0

 ------------30.04.2015 15:30:31--------------
Задача Task_0255 успішно прийнята в обробку...

 ------------30.04.2015 15:30:53--------------
Задача Task_0218 успішно ВИКОНАНА!

 ------------30.04.2015 15:30:55--------------
1

 ------------30.04.2015 15:30:55--------------
0

 ------------30.04.2015 15:31:35--------------
Задача Task_0245 успішно ВИКОНАНА!

 ------------30.04.2015 15:32:05--------------
Задача Task_0255 успішно ВИКОНАНА!

30.04.2015 15:34:14 Stop

30.04.2015 15:35:55 Start

 ------------30.04.2015 15:36:25--------------
ПОМИЛКА розміщення заявки Tasccccccck_0214 Некоректний синтаксис ...

 ------------30.04.2015 15:36:25--------------
Задача Task_0212 успішно прийнята в обробку...

 ------------30.04.2015 15:36:55--------------
Задача Task_0213 успішно прийнята в обробку...

 ------------30.04.2015 15:37:25--------------
Задача Task_0214 успішно прийнята в обробку...

 ------------30.04.2015 15:37:35--------------
Задача Task_0212 успішно ВИКОНАНА!

 ------------30.04.2015 15:37:55--------------
Задача Task_0218 успішно прийнята в обробку...

 ------------30.04.2015 15:38:05--------------
Задача Task_0213 успішно ВИКОНАНА!

 ------------30.04.2015 15:38:25--------------
Задача Task_0245 успішно прийнята в обробку...

30.04.2015 15:38:32 Stop

30.04.2015 16:08:10 Start

 ------------30.04.2015 16:08:40--------------
ПОМИЛКА розміщення заявки Tasccccccck_0214 Некоректний синтаксис ...

 ------------30.04.2015 16:08:40--------------
Задача Task_0212 успішно прийнята в обробку...

 ------------30.04.2015 16:09:10--------------
Задача Task_0213 успішно прийнята в обробку...

 ------------30.04.2015 16:09:40--------------
Задача Task_0214 успішно прийнята в обробку...

30.04.2015 16:09:41 Stop

05.05.2015 11:10:19 Start

 ------------05.05.2015 11:10:51--------------
ПОМИЛКА розміщення заявки Tasccccccck_0214 Некоректний синтаксис ...

 ------------05.05.2015 11:10:51--------------
Задача Task_0212 успішно прийнята в обробку...

 ------------05.05.2015 11:11:20--------------
Задача Task_0213 успішно прийнята в обробку...

 ------------05.05.2015 11:11:50--------------
Задача Task_0214 успішно прийнята в обробку...

 ------------05.05.2015 11:12:02--------------
Задача Task_0212 успішно ВИКОНАНА!

 ------------05.05.2015 11:12:20--------------
Задача Task_0218 успішно прийнята в обробку...

 ------------05.05.2015 11:12:50--------------
Задача Task_0245 успішно прийнята в обробку...

 ------------05.05.2015 11:13:15--------------
Задача Task_0213 успішно ВИКОНАНА!

 ------------05.05.2015 11:13:20--------------
Задача Task_0255 успішно прийнята в обробку...

 ------------05.05.2015 11:14:27--------------
Задача Task_0214 успішно ВИКОНАНА!

 ------------05.05.2015 11:15:39--------------
Задача Task_0218 успішно ВИКОНАНА!

 ------------05.05.2015 11:16:51--------------
Задача Task_0245 успішно ВИКОНАНА!

 ------------05.05.2015 11:18:03--------------
Задача Task_0255 успішно ВИКОНАНА!

05.05.2015 11:30:24 Start

 ------------05.05.2015 11:30:55--------------
ПОМИЛКА розміщення заявки Tasccccccck_0214 Некоректний синтаксис ...

 ------------05.05.2015 11:30:55--------------
Задача Task_0212 успішно прийнята в обробку...

 ------------05.05.2015 11:31:25--------------
Задача Task_0213 успішно прийнята в обробку...

 ------------05.05.2015 11:31:55--------------
Задача Task_0214 успішно прийнята в обробку...

 ------------05.05.2015 11:32:07--------------
Задача Task_0212 успішно ВИКОНАНА!

 ------------05.05.2015 11:32:25--------------
Задача Task_0218 успішно прийнята в обробку...

 ------------05.05.2015 11:32:55--------------
Задача Task_0245 успішно прийнята в обробку...

 ------------05.05.2015 11:33:19--------------
Задача Task_0213 успішно ВИКОНАНА!

 ------------05.05.2015 11:33:25--------------
Задача Task_0255 успішно прийнята в обробку...

 ------------05.05.2015 11:34:31--------------
Задача Task_0214 успішно ВИКОНАНА!

 ------------05.05.2015 11:35:44--------------
Задача Task_0218 успішно ВИКОНАНА!

 ------------05.05.2015 11:36:56--------------
Задача Task_0245 успішно ВИКОНАНА!

 ------------05.05.2015 11:38:08--------------
Задача Task_0255 успішно ВИКОНАНА!

06.05.2015 16:17:57 Start

 ------------06.05.2015 16:18:30--------------
ПОМИЛКА розміщення заявки Tasccccccck_0214 Некоректний синтаксис ...

 ------------06.05.2015 16:18:30--------------
Задача Task_0212 успішно прийнята в обробку...

 ------------06.05.2015 16:18:58--------------
Задача Task_0213 успішно прийнята в обробку...

 ------------06.05.2015 16:19:28--------------
Задача Task_0214 успішно прийнята в обробку...

 ------------06.05.2015 16:19:42--------------
Задача Task_0212 успішно ВИКОНАНА!

 ------------06.05.2015 16:19:58--------------
Задача Task_0218 успішно прийнята в обробку...

06.05.2015 16:21:39 Start

 ------------06.05.2015 16:22:11--------------
ПОМИЛКА розміщення заявки Tasccccccck_0214 Некоректний синтаксис ...

 ------------06.05.2015 16:22:11--------------
Задача Task_0212 успішно прийнята в обробку...

 ------------06.05.2015 16:22:28--------------
Задача Task_0213 успішно ВИКОНАНА!

 ------------06.05.2015 16:22:40--------------
Задача Task_0213 успішно прийнята в обробку...

 ------------06.05.2015 16:22:52--------------
Задача Task_0214 успішно ВИКОНАНА!

 ------------06.05.2015 16:23:10--------------
Задача Task_0214 успішно прийнята в обробку...

 ------------06.05.2015 16:23:40--------------
Задача Task_0218 успішно прийнята в обробку...

 ------------06.05.2015 16:23:40--------------
Задача Task_0218 успішно ВИКОНАНА!

 ------------06.05.2015 16:24:04--------------
Задача Task_0212 успішно ВИКОНАНА!

 ------------06.05.2015 16:24:10--------------
Задача Task_0245 успішно прийнята в обробку...

 ------------06.05.2015 16:24:40--------------
Задача Task_0255 успішно прийнята в обробку...

 ------------06.05.2015 16:24:50--------------
Задача Task_0218 успішно ВИКОНАНА!

 ------------06.05.2015 16:25:16--------------
Задача Task_0213 успішно ВИКОНАНА!

 ------------06.05.2015 16:26:02--------------
Задача Task_0214 успішно ВИКОНАНА!

 ------------06.05.2015 16:26:28--------------
Задача Task_0245 успішно ВИКОНАНА!

 ------------06.05.2015 16:27:14--------------
Задача Task_0255 успішно ВИКОНАНА!

09.05.2015 17:06:07 Start

 ------------09.05.2015 17:06:38--------------
ПОМИЛКА розміщення заявки Tasccccccck_0214 Некоректний синтаксис ...

 ------------09.05.2015 17:06:38--------------
Задача Task_0212 успішно прийнята в обробку...

 ------------09.05.2015 17:07:07--------------
Задача Task_0213 успішно прийнята в обробку...

 ------------09.05.2015 17:07:37--------------
Задача Task_0214 успішно прийнята в обробку...

 ------------09.05.2015 17:07:49--------------
Задача Task_0212 успішно ВИКОНАНА!

 ------------09.05.2015 17:08:07--------------
Задача Task_0218 успішно прийнята в обробку...

 ------------09.05.2015 17:08:37--------------
Задача Task_0245 успішно прийнята в обробку...

 ------------09.05.2015 17:09:01--------------
Задача Task_0213 успішно ВИКОНАНА!

 ------------09.05.2015 17:09:07--------------
Задача Task_0255 успішно прийнята в обробку...

 ------------09.05.2015 17:10:14--------------
Задача Task_0214 успішно ВИКОНАНА!

 ------------09.05.2015 17:11:26--------------
Задача Task_0218 успішно ВИКОНАНА!

 ------------09.05.2015 17:12:38--------------
Задача Task_0245 успішно ВИКОНАНА!

 ------------09.05.2015 17:13:50--------------
Задача Task_0255 успішно ВИКОНАНА!

09.05.2015 18:27:17 Start

 ------------09.05.2015 18:27:47--------------
ПОМИЛКА розміщення заявки Tasccccccck_0214 Некоректний синтаксис ...

 ------------09.05.2015 18:27:47--------------
Задача Task_0212 успішно прийнята в обробку...

 ------------09.05.2015 18:28:17--------------
Задача Task_0213 успішно прийнята в обробку...

 ------------09.05.2015 18:28:47--------------
Задача Task_0214 успішно прийнята в обробку...

 ------------09.05.2015 18:28:59--------------
Задача Task_0212 успішно ВИКОНАНА!

 ------------09.05.2015 18:29:17--------------
Задача Task_0218 успішно прийнята в обробку...

 ------------09.05.2015 18:29:47--------------
Задача Task_0245 успішно прийнята в обробку...

 ------------09.05.2015 18:30:11--------------
Задача Task_0213 успішно ВИКОНАНА!

 ------------09.05.2015 18:30:17--------------
Задача Task_0255 успішно прийнята в обробку...

 ------------09.05.2015 18:31:23--------------
Задача Task_0214 успішно ВИКОНАНА!

 ------------09.05.2015 18:32:35--------------
Задача Task_0218 успішно ВИКОНАНА!

 ------------09.05.2015 18:33:47--------------
Задача Task_0245 успішно ВИКОНАНА!

 ------------09.05.2015 18:35:00--------------
Задача Task_0255 успішно ВИКОНАНА!

09.05.2015 19:32:58 Start

 ------------09.05.2015 19:33:29--------------
ПОМИЛКА розміщення заявки Tasccccccck_0214 Некоректний синтаксис ...

 ------------09.05.2015 19:33:30--------------
Задача Task_0212 успішно прийнята в обробку...

 ------------09.05.2015 19:33:59--------------
Задача Task_0213 успішно прийнята в обробку...

 ------------09.05.2015 19:34:29--------------
Задача Task_0214 успішно прийнята в обробку...

 ------------09.05.2015 19:34:41--------------
Задача Task_0212 успішно ВИКОНАНА!

 ------------09.05.2015 19:34:59--------------
Задача Task_0218 успішно прийнята в обробку...

 ------------09.05.2015 19:35:29--------------
Задача Task_0245 успішно прийнята в обробку...

 ------------09.05.2015 19:35:53--------------
Задача Task_0213 успішно ВИКОНАНА!

 ------------09.05.2015 19:35:59--------------
Задача Task_0255 успішно прийнята в обробку...

 ------------09.05.2015 19:37:05--------------
Задача Task_0214 успішно ВИКОНАНА!

 ------------09.05.2015 19:38:17--------------
Задача Task_0218 успішно ВИКОНАНА!

 ------------09.05.2015 19:39:29--------------
Задача Task_0245 успішно ВИКОНАНА!

 ------------09.05.2015 19:40:42--------------
Задача Task_0255 успішно ВИКОНАНА!

15.05.2015 0:27:41 Start

 ------------15.05.2015 0:28:13--------------
ПОМИЛКА розміщення заявки Tasccccccck_0214 Некоректний синтаксис ...

 ------------15.05.2015 0:28:13--------------
Задача Task_0212 успішно прийнята в обробку...

 ------------15.05.2015 0:28:42--------------
Задача Task_0213 успішно прийнята в обробку...

 ------------15.05.2015 0:29:11--------------
Задача Task_0214 успішно прийнята в обробку...

 ------------15.05.2015 0:29:24--------------
Задача Task_0212 успішно ВИКОНАНА!

 ------------15.05.2015 0:29:41--------------
Задача Task_0218 успішно прийнята в обробку...

 ------------15.05.2015 0:30:11--------------
Задача Task_0245 успішно прийнята в обробку...

 ------------15.05.2015 0:30:36--------------
Задача Task_0213 успішно ВИКОНАНА!

 ------------15.05.2015 0:30:41--------------
Задача Task_0255 успішно прийнята в обробку...

 ------------15.05.2015 0:31:48--------------
Задача Task_0214 успішно ВИКОНАНА!

 ------------15.05.2015 0:33:00--------------
Задача Task_0218 успішно ВИКОНАНА!

 ------------15.05.2015 0:34:12--------------
Задача Task_0245 успішно ВИКОНАНА!

 ------------15.05.2015 0:35:25--------------
Задача Task_0255 успішно ВИКОНАНА!

17.05.2015 0:10:28 Start

 ------------17.05.2015 0:10:58--------------
ПОМИЛКА розміщення заявки Tasccccccck_0214 Некоректний синтаксис ...

 ------------17.05.2015 0:10:59--------------
Задача Task_0212 успішно прийнята в обробку...

 ------------17.05.2015 0:11:28--------------
Задача Task_0213 успішно прийнята в обробку...

 ------------17.05.2015 0:11:58--------------
Задача Task_0214 успішно прийнята в обробку...

 ------------17.05.2015 0:12:10--------------
Задача Task_0212 успішно ВИКОНАНА!

 ------------17.05.2015 0:12:28--------------
Задача Task_0218 успішно прийнята в обробку...

 ------------17.05.2015 0:12:58--------------
Задача Task_0245 успішно прийнята в обробку...

 ------------17.05.2015 0:13:22--------------
Задача Task_0213 успішно ВИКОНАНА!

 ------------17.05.2015 0:13:28--------------
Задача Task_0255 успішно прийнята в обробку...

 ------------17.05.2015 0:14:34--------------
Задача Task_0214 успішно ВИКОНАНА!

 ------------17.05.2015 0:15:46--------------
Задача Task_0218 успішно ВИКОНАНА!

 ------------17.05.2015 0:16:59--------------
Задача Task_0245 успішно ВИКОНАНА!

 ------------17.05.2015 0:18:11--------------
Задача Task_0255 успішно ВИКОНАНА!

17.05.2015 0:25:03 Start

 ------------17.05.2015 0:25:34--------------
ПОМИЛКА розміщення заявки Tasccccccck_0214 Некоректний синтаксис ...

 ------------17.05.2015 0:25:35--------------
Задача Task_0212 успішно прийнята в обробку...

 ------------17.05.2015 0:26:04--------------
Задача Task_0213 успішно прийнята в обробку...

 ------------17.05.2015 0:26:34--------------
Задача Task_0214 успішно прийнята в обробку...

 ------------17.05.2015 0:26:46--------------
Задача Task_0212 успішно ВИКОНАНА!

 ------------17.05.2015 0:27:04--------------
Задача Task_0218 успішно прийнята в обробку...

 ------------17.05.2015 0:27:34--------------
Задача Task_0245 успішно прийнята в обробку...

 ------------17.05.2015 0:27:58--------------
Задача Task_0213 успішно ВИКОНАНА!

 ------------17.05.2015 0:28:04--------------
Задача Task_0255 успішно прийнята в обробку...

 ------------17.05.2015 0:29:10--------------
Задача Task_0214 успішно ВИКОНАНА!

 ------------17.05.2015 0:30:22--------------
Задача Task_0218 успішно ВИКОНАНА!

 ------------17.05.2015 0:31:34--------------
Задача Task_0245 успішно ВИКОНАНА!

 ------------17.05.2015 0:32:46--------------
Задача Task_0255 успішно ВИКОНАНА!

26.05.2015 22:24:48 Start

 ------------26.05.2015 22:25:19--------------
ПОМИЛКА розміщення заявки Tasccccccck_0214 Некоректний синтаксис ...

 ------------26.05.2015 22:25:19--------------
Задача Task_0212 успішно прийнята в обробку...

 ------------26.05.2015 22:25:49--------------
Задача Task_0213 успішно прийнята в обробку...

 ------------26.05.2015 22:26:19--------------
Задача Task_0214 успішно прийнята в обробку...

 ------------26.05.2015 22:26:31--------------
Задача Task_0212 успішно ВИКОНАНА!

 ------------26.05.2015 22:26:49--------------
Задача Task_0218 успішно прийнята в обробку...

26.05.2015 22:29:05 Start

 ------------26.05.2015 22:29:35--------------
ПОМИЛКА розміщення заявки Tasccccccck_0214 Некоректний синтаксис ...

 ------------26.05.2015 22:29:35--------------
Задача Task_0212 успішно прийнята в обробку...

 ------------26.05.2015 22:29:47--------------
Задача Task_0213 успішно ВИКОНАНА!

 ------------26.05.2015 22:30:05--------------
Задача Task_0213 успішно прийнята в обробку...

 ------------26.05.2015 22:30:17--------------
Задача Task_0214 успішно ВИКОНАНА!

 ------------26.05.2015 22:30:35--------------
Задача Task_0214 успішно прийнята в обробку...

 ------------26.05.2015 22:30:59--------------
Задача Task_0218 успішно ВИКОНАНА!

 ------------26.05.2015 22:31:05--------------
Задача Task_0218 успішно прийнята в обробку...

 ------------26.05.2015 22:31:29--------------
Задача Task_0212 успішно ВИКОНАНА!

 ------------26.05.2015 22:31:35--------------
Задача Task_0245 успішно прийнята в обробку...

 ------------26.05.2015 22:32:05--------------
Задача Task_0255 успішно прийнята в обробку...

 ------------26.05.2015 22:32:12--------------
Задача Task_0213 успішно ВИКОНАНА!

 ------------26.05.2015 22:32:42--------------
Задача Task_0214 успішно ВИКОНАНА!

 ------------26.05.2015 22:33:24--------------
Задача Task_0218 успішно ВИКОНАНА!

 ------------26.05.2015 22:33:54--------------
Задача Task_0245 успішно ВИКОНАНА!

 ------------26.05.2015 22:34:36--------------
Задача Task_0255 успішно ВИКОНАНА!

28.05.2015 1:22:42 Start

 ------------28.05.2015 1:23:12--------------
ПОМИЛКА розміщення заявки Tasccccccck_0214 Некоректний синтаксис ...

 ------------28.05.2015 1:23:12--------------
Задача Task_0212 успішно прийнята в обробку...

 ------------28.05.2015 1:23:42--------------
Задача Task_0213 успішно прийнята в обробку...

 ------------28.05.2015 1:24:12--------------
Задача Task_0214 успішно прийнята в обробку...

28.05.2015 1:25:50 Start

 ------------28.05.2015 1:25:54--------------
Задача Task_0212 успішно ВИКОНАНА!

 ------------28.05.2015 1:26:21--------------
ПОМИЛКА розміщення заявки Tasccccccck_0214 Некоректний синтаксис ...

 ------------28.05.2015 1:26:21--------------
Задача Task_0212 успішно прийнята в обробку...

 ------------28.05.2015 1:26:50--------------
Задача Task_0213 успішно прийнята в обробку...

 ------------28.05.2015 1:27:02--------------
Задача Task_0213 успішно ВИКОНАНА!

 ------------28.05.2015 1:27:06--------------
Задача Task_0214 успішно ВИКОНАНА!

 ------------28.05.2015 1:27:20--------------
Задача Task_0214 успішно прийнята в обробку...

 ------------28.05.2015 1:27:50--------------
Задача Task_0218 успішно прийнята в обробку...

 ------------28.05.2015 1:28:14--------------
Задача Task_0212 успішно ВИКОНАНА!

 ------------28.05.2015 1:28:18--------------
Задача Task_0213 успішно ВИКОНАНА!

 ------------28.05.2015 1:28:20--------------
Задача Task_0245 успішно прийнята в обробку...

 ------------28.05.2015 1:28:50--------------
Задача Task_0255 успішно прийнята в обробку...

 ------------28.05.2015 1:29:26--------------
Задача Task_0214 успішно ВИКОНАНА!

 ------------28.05.2015 1:29:30--------------
Задача Task_0218 успішно ВИКОНАНА!

 ------------28.05.2015 1:30:39--------------
Задача Task_0245 успішно ВИКОНАНА!

 ------------28.05.2015 1:30:43--------------
Задача Task_0255 успішно ВИКОНАНА!

04.06.2015 2:44:28 Start

 ------------04.06.2015 2:45:03--------------
ПОМИЛКА розміщення заявки Tasccccccck_0214 Некоректний синтаксис ...

 ------------04.06.2015 2:45:03--------------
Задача Task_0212 успішно прийнята в обробку...

 ------------04.06.2015 2:45:29--------------
Задача Task_0213 успішно прийнята в обробку...

 ------------04.06.2015 2:45:59--------------
Задача Task_0214 успішно прийнята в обробку...

 ------------04.06.2015 2:46:14--------------
Задача Task_0212 успішно ВИКОНАНА!

 ------------04.06.2015 2:46:29--------------
Задача Task_0218 успішно прийнята в обробку...

 ------------04.06.2015 2:46:59--------------
Задача Task_0245 успішно прийнята в обробку...

 ------------04.06.2015 2:47:26--------------
Задача Task_0213 успішно ВИКОНАНА!

 ------------04.06.2015 2:47:29--------------
Задача Task_0255 успішно прийнята в обробку...

 ------------04.06.2015 2:48:38--------------
Задача Task_0214 успішно ВИКОНАНА!

 ------------04.06.2015 2:49:50--------------
Задача Task_0218 успішно ВИКОНАНА!

 ------------04.06.2015 2:51:02--------------
Задача Task_0245 успішно ВИКОНАНА!

 ------------04.06.2015 2:52:14--------------
Задача Task_0255 успішно ВИКОНАНА!

10.06.2015 18:28:31 Start

 ------------10.06.2015 18:29:01--------------
ПОМИЛКА розміщення заявки Tasccccccck_0214 Некоректний синтаксис ...

 ------------10.06.2015 18:29:01--------------
Задача Task_0212 успішно прийнята в обробку...

 ------------10.06.2015 18:29:31--------------
Задача Task_0213 успішно прийнята в обробку...

 ------------10.06.2015 18:30:01--------------
Задача Task_0214 успішно прийнята в обробку...

 ------------10.06.2015 18:30:13--------------
Задача Task_0212 успішно ВИКОНАНА!

 ------------10.06.2015 18:30:31--------------
Задача Task_0218 успішно прийнята в обробку...

 ------------10.06.2015 18:31:01--------------
Задача Task_0245 успішно прийнята в обробку...

 ------------10.06.2015 18:31:25--------------
Задача Task_0213 успішно ВИКОНАНА!

 ------------10.06.2015 18:31:31--------------
Задача Task_0255 успішно прийнята в обробку...

 ------------10.06.2015 18:32:38--------------
Задача Task_0214 успішно ВИКОНАНА!

 ------------10.06.2015 18:33:50--------------
Задача Task_0218 успішно ВИКОНАНА!

 ------------10.06.2015 18:35:02--------------
Задача Task_0245 успішно ВИКОНАНА!

 ------------10.06.2015 18:36:14--------------
Задача Task_0255 успішно ВИКОНАНА!

26.06.2015 16:51:20 Start

 ------------26.06.2015 16:51:51--------------
ПОМИЛКА розміщення заявки Tasccccccck_0214 Некоректний синтаксис ...

 ------------26.06.2015 16:51:51--------------
Задача Task_0212 успішно прийнята в обробку...

 ------------26.06.2015 16:52:20--------------
Задача Task_0213 успішно прийнята в обробку...

 ------------26.06.2015 16:52:50--------------
Задача Task_0214 успішно прийнята в обробку...

 ------------26.06.2015 16:53:02--------------
Задача Task_0212 успішно ВИКОНАНА!

 ------------26.06.2015 16:53:20--------------
Задача Task_0218 успішно прийнята в обробку...

 ------------26.06.2015 16:53:50--------------
Задача Task_0245 успішно прийнята в обробку...

 ------------26.06.2015 16:54:14--------------
Задача Task_0213 успішно ВИКОНАНА!

 ------------26.06.2015 16:54:20--------------
Задача Task_0255 успішно прийнята в обробку...

 ------------26.06.2015 16:55:27--------------
Задача Task_0214 успішно ВИКОНАНА!

 ------------26.06.2015 16:56:39--------------
Задача Task_0218 успішно ВИКОНАНА!

 ------------26.06.2015 16:57:51--------------
Задача Task_0245 успішно ВИКОНАНА!

 ------------26.06.2015 16:59:03--------------
Задача Task_0255 успішно ВИКОНАНА!

01.07.2015 14:50:21 Start

 ------------01.07.2015 14:50:52--------------
ПОМИЛКА розміщення заявки Tasccccccck_0214 Некоректний синтаксис ...

 ------------01.07.2015 14:50:52--------------
Задача Task_0212 успішно прийнята в обробку...

 ------------01.07.2015 14:51:22--------------
Задача Task_0213 успішно прийнята в обробку...

 ------------01.07.2015 14:51:52--------------
Задача Task_0214 успішно прийнята в обробку...

 ------------01.07.2015 14:52:04--------------
Задача Task_0212 успішно ВИКОНАНА!

 ------------01.07.2015 14:52:22--------------
Задача Task_0218 успішно прийнята в обробку...

 ------------01.07.2015 14:52:52--------------
Задача Task_0245 успішно прийнята в обробку...

 ------------01.07.2015 14:53:16--------------
Задача Task_0213 успішно ВИКОНАНА!

 ------------01.07.2015 14:53:22--------------
Задача Task_0255 успішно прийнята в обробку...

 ------------01.07.2015 14:54:28--------------
Задача Task_0214 успішно ВИКОНАНА!

 ------------01.07.2015 14:55:40--------------
Задача Task_0218 успішно ВИКОНАНА!

 ------------01.07.2015 14:56:52--------------
Задача Task_0245 успішно ВИКОНАНА!

 ------------01.07.2015 14:58:04--------------
Задача Task_0255 успішно ВИКОНАНА!

01.07.2015 19:19:25 Start

 ------------01.07.2015 19:19:57--------------
ПОМИЛКА розміщення заявки Tasccccccck_0214 Некоректний синтаксис ...

 ------------01.07.2015 19:19:58--------------
Задача Task_0212 успішно прийнята в обробку...

 ------------01.07.2015 19:20:26--------------
Задача Task_0213 успішно прийнята в обробку...

 ------------01.07.2015 19:20:56--------------
Задача Task_0214 успішно прийнята в обробку...

 ------------01.07.2015 19:21:08--------------
Задача Task_0212 успішно ВИКОНАНА!

 ------------01.07.2015 19:21:26--------------
Задача Task_0218 успішно прийнята в обробку...

 ------------01.07.2015 19:21:56--------------
Задача Task_0245 успішно прийнята в обробку...

 ------------01.07.2015 19:22:20--------------
Задача Task_0213 успішно ВИКОНАНА!

 ------------01.07.2015 19:22:26--------------
Задача Task_0255 успішно прийнята в обробку...

 ------------01.07.2015 19:23:33--------------
Задача Task_0214 успішно ВИКОНАНА!

 ------------01.07.2015 19:24:45--------------
Задача Task_0218 успішно ВИКОНАНА!

 ------------01.07.2015 19:25:57--------------
Задача Task_0245 успішно ВИКОНАНА!

 ------------01.07.2015 19:27:09--------------
Задача Task_0255 успішно ВИКОНАНА!

18.07.2015 15:47:09 Start

 ------------18.07.2015 15:47:41--------------
ПОМИЛКА розміщення заявки Tasccccccck_0214 Некоректний синтаксис ...

 ------------18.07.2015 15:47:41--------------
Задача Task_0212 успішно прийнята в обробку...

 ------------18.07.2015 15:48:10--------------
Задача Task_0213 успішно прийнята в обробку...

 ------------18.07.2015 15:48:40--------------
Задача Task_0214 успішно прийнята в обробку...

 ------------18.07.2015 15:48:52--------------
Задача Task_0212 успішно ВИКОНАНА!

 ------------18.07.2015 15:49:10--------------
Задача Task_0218 успішно прийнята в обробку...

 ------------18.07.2015 15:49:40--------------
Задача Task_0245 успішно прийнята в обробку...

 ------------18.07.2015 15:50:04--------------
Задача Task_0213 успішно ВИКОНАНА!

 ------------18.07.2015 15:50:10--------------
Задача Task_0255 успішно прийнята в обробку...

 ------------18.07.2015 15:51:17--------------
Задача Task_0214 успішно ВИКОНАНА!

 ------------18.07.2015 15:52:29--------------
Задача Task_0218 успішно ВИКОНАНА!

 ------------18.07.2015 15:53:41--------------
Задача Task_0245 успішно ВИКОНАНА!

 ------------18.07.2015 15:54:53--------------
Задача Task_0255 успішно ВИКОНАНА!

18.07.2015 21:28:32 Start

 ------------18.07.2015 21:29:05--------------
ПОМИЛКА розміщення заявки Tasccccccck_0214 Некоректний синтаксис ...

 ------------18.07.2015 21:29:05--------------
Задача Task_0212 успішно прийнята в обробку...

 ------------18.07.2015 21:29:34--------------
Задача Task_0213 успішно прийнята в обробку...

 ------------18.07.2015 21:30:03--------------
Задача Task_0214 успішно прийнята в обробку...

 ------------18.07.2015 21:30:16--------------
Задача Task_0212 успішно ВИКОНАНА!

 ------------18.07.2015 21:30:33--------------
Задача Task_0218 успішно прийнята в обробку...

 ------------18.07.2015 21:31:03--------------
Задача Task_0245 успішно прийнята в обробку...

 ------------18.07.2015 21:31:28--------------
Задача Task_0213 успішно ВИКОНАНА!

 ------------18.07.2015 21:31:33--------------
Задача Task_0255 успішно прийнята в обробку...

 ------------18.07.2015 21:32:40--------------
Задача Task_0214 успішно ВИКОНАНА!

 ------------18.07.2015 21:33:52--------------
Задача Task_0218 успішно ВИКОНАНА!

 ------------18.07.2015 21:35:04--------------
Задача Task_0245 успішно ВИКОНАНА!

 ------------18.07.2015 21:36:16--------------
Задача Task_0255 успішно ВИКОНАНА!

20.07.2015 14:46:13 Start

 ------------20.07.2015 14:46:45--------------
ПОМИЛКА розміщення заявки Tasccccccck_0214 Некоректний синтаксис ...

 ------------20.07.2015 14:46:45--------------
Задача Task_0212 успішно прийнята в обробку...

 ------------20.07.2015 14:47:14--------------
Задача Task_0213 успішно прийнята в обробку...

 ------------20.07.2015 14:47:44--------------
Задача Task_0214 успішно прийнята в обробку...

 ------------20.07.2015 14:47:56--------------
Задача Task_0212 успішно ВИКОНАНА!

 ------------20.07.2015 14:48:14--------------
Задача Task_0218 успішно прийнята в обробку...

 ------------20.07.2015 14:48:44--------------
Задача Task_0245 успішно прийнята в обробку...

 ------------20.07.2015 14:49:08--------------
Задача Task_0213 успішно ВИКОНАНА!

 ------------20.07.2015 14:49:14--------------
Задача Task_0255 успішно прийнята в обробку...

 ------------20.07.2015 14:50:20--------------
Задача Task_0214 успішно ВИКОНАНА!

 ------------20.07.2015 14:51:33--------------
Задача Task_0218 успішно ВИКОНАНА!

 ------------20.07.2015 14:52:45--------------
Задача Task_0245 успішно ВИКОНАНА!

 ------------20.07.2015 14:53:57--------------
Задача Task_0255 успішно ВИКОНАНА!

22.07.2015 9:15:54 Start

 ------------22.07.2015 9:16:25--------------
ПОМИЛКА розміщення заявки Tasccccccck_0214 Некоректний синтаксис ...

 ------------22.07.2015 9:16:25--------------
Задача Task_0212 успішно прийнята в обробку...

 ------------22.07.2015 9:16:55--------------
Задача Task_0213 успішно прийнята в обробку...

 ------------22.07.2015 9:17:25--------------
Задача Task_0214 успішно прийнята в обробку...

 ------------22.07.2015 9:17:37--------------
Задача Task_0212 успішно ВИКОНАНА!

 ------------22.07.2015 9:17:55--------------
Задача Task_0218 успішно прийнята в обробку...

 ------------22.07.2015 9:18:25--------------
Задача Task_0245 успішно прийнята в обробку...

 ------------22.07.2015 9:18:49--------------
Задача Task_0213 успішно ВИКОНАНА!

 ------------22.07.2015 9:18:55--------------
Задача Task_0255 успішно прийнята в обробку...

 ------------22.07.2015 9:20:01--------------
Задача Task_0214 успішно ВИКОНАНА!

 ------------22.07.2015 9:21:13--------------
Задача Task_0218 успішно ВИКОНАНА!

 ------------22.07.2015 9:22:26--------------
Задача Task_0245 успішно ВИКОНАНА!

 ------------22.07.2015 9:23:38--------------
Задача Task_0255 успішно ВИКОНАНА!

25.07.2015 14:00:41 Start

 ------------25.07.2015 14:01:11--------------
ПОМИЛКА розміщення заявки Tasccccccck_0214 Некоректний синтаксис ...

 ------------25.07.2015 14:01:11--------------
Задача Task_0212 успішно прийнята в обробку...

 ------------25.07.2015 14:01:41--------------
Задача Task_0213 успішно прийнята в обробку...

 ------------25.07.2015 14:02:11--------------
Задача Task_0214 успішно прийнята в обробку...

 ------------25.07.2015 14:02:23--------------
Задача Task_0212 успішно ВИКОНАНА!

 ------------25.07.2015 14:02:41--------------
Задача Task_0218 успішно прийнята в обробку...

 ------------25.07.2015 14:03:11--------------
Задача Task_0245 успішно прийнята в обробку...

 ------------25.07.2015 14:03:35--------------
Задача Task_0213 успішно ВИКОНАНА!

 ------------25.07.2015 14:03:41--------------
Задача Task_0255 успішно прийнята в обробку...

 ------------25.07.2015 14:04:47--------------
Задача Task_0214 успішно ВИКОНАНА!

 ------------25.07.2015 14:05:59--------------
Задача Task_0218 успішно ВИКОНАНА!

 ------------25.07.2015 14:07:11--------------
Задача Task_0245 успішно ВИКОНАНА!

 ------------25.07.2015 14:08:23--------------
Задача Task_0255 успішно ВИКОНАНА!

25.07.2015 23:11:51 Start

 ------------25.07.2015 23:12:22--------------
ПОМИЛКА розміщення заявки Tasccccccck_0214 Некоректний синтаксис ...

 ------------25.07.2015 23:12:22--------------
Задача Task_0212 успішно прийнята в обробку...

 ------------25.07.2015 23:12:51--------------
Задача Task_0213 успішно прийнята в обробку...

 ------------25.07.2015 23:13:21--------------
Задача Task_0214 успішно прийнята в обробку...

 ------------25.07.2015 23:13:33--------------
Задача Task_0212 успішно ВИКОНАНА!

 ------------25.07.2015 23:13:51--------------
Задача Task_0218 успішно прийнята в обробку...

 ------------25.07.2015 23:14:21--------------
Задача Task_0245 успішно прийнята в обробку...

 ------------25.07.2015 23:14:45--------------
Задача Task_0213 успішно ВИКОНАНА!

 ------------25.07.2015 23:14:51--------------
Задача Task_0255 успішно прийнята в обробку...

 ------------25.07.2015 23:15:58--------------
Задача Task_0214 успішно ВИКОНАНА!

 ------------25.07.2015 23:17:10--------------
Задача Task_0218 успішно ВИКОНАНА!

 ------------25.07.2015 23:18:22--------------
Задача Task_0245 успішно ВИКОНАНА!

 ------------25.07.2015 23:19:34--------------
Задача Task_0255 успішно ВИКОНАНА!

27.07.2015 23:50:58 Stop
